have_header: checking for sys/times.h... -------------------- yes

"gcc -o conftest -I/home/piousbox/.rbenv/versions/1.9.3-p194/include/ruby-1.9.1/x86_64-linux -I/home/piousbox/.rbenv/versions/1.9.3-p194/include/ruby-1.9.1/ruby/backward -I/home/piousbox/.rbenv/versions/1.9.3-p194/include/ruby-1.9.1 -I. -I'/home/piousbox/.rbenv/versions/1.9.3-p194/include'   -I'/home/piousbox/.rbenv/versions/1.9.3-p194/include'    conftest.c  -L. -L/home/piousbox/.rbenv/versions/1.9.3-p194/lib -Wl,-R/home/piousbox/.rbenv/versions/1.9.3-p194/lib -L. -L'/home/piousbox/.rbenv/versions/1.9.3-p194/lib'  -rdynamic -Wl,-export-dynamic     -Wl,-R -Wl,/home/piousbox/.rbenv/versions/1.9.3-p194/lib -L/home/piousbox/.rbenv/versions/1.9.3-p194/lib -lruby-static  -lpthread -lrt -ldl -lcrypt -lm   -lc"
checked program was:
/* begin */
1: #include "ruby.h"
2: 
3: int main() {return 0;}
/* end */

"gcc -E -I/home/piousbox/.rbenv/versions/1.9.3-p194/include/ruby-1.9.1/x86_64-linux -I/home/piousbox/.rbenv/versions/1.9.3-p194/include/ruby-1.9.1/ruby/backward -I/home/piousbox/.rbenv/versions/1.9.3-p194/include/ruby-1.9.1 -I. -I'/home/piousbox/.rbenv/versions/1.9.3-p194/include'   -I'/home/piousbox/.rbenv/versions/1.9.3-p194/include'     conftest.c -o conftest.i"
checked program was:
/* begin */
1: #include "ruby.h"
2: 
3: #include <sys/times.h>
/* end */

--------------------

have_func: checking for rb_os_allocated_objects()... -------------------- no

"gcc -o conftest -I/home/piousbox/.rbenv/versions/1.9.3-p194/include/ruby-1.9.1/x86_64-linux -I/home/piousbox/.rbenv/versions/1.9.3-p194/include/ruby-1.9.1/ruby/backward -I/home/piousbox/.rbenv/versions/1.9.3-p194/include/ruby-1.9.1 -I. -I'/home/piousbox/.rbenv/versions/1.9.3-p194/include'   -I'/home/piousbox/.rbenv/versions/1.9.3-p194/include'    conftest.c  -L. -L/home/piousbox/.rbenv/versions/1.9.3-p194/lib -Wl,-R/home/piousbox/.rbenv/versions/1.9.3-p194/lib -L. -L'/home/piousbox/.rbenv/versions/1.9.3-p194/lib'  -rdynamic -Wl,-export-dynamic     -Wl,-R -Wl,/home/piousbox/.rbenv/versions/1.9.3-p194/lib -L/home/piousbox/.rbenv/versions/1.9.3-p194/lib -lruby-static  -lpthread -lrt -ldl -lcrypt -lm   -lc"
conftest.c: In function ‘t’:
conftest.c:5:53: error: ‘rb_os_allocated_objects’ undeclared (first use in this function)
conftest.c:5:53: note: each undeclared identifier is reported only once for each function it appears in
checked program was:
/* begin */
1: #include "ruby.h"
2: 
3: /*top*/
4: int main() {return 0;}
5: int t() { void ((*volatile p)()); p = (void ((*)()))rb_os_allocated_objects; return 0; }
/* end */

"gcc -o conftest -I/home/piousbox/.rbenv/versions/1.9.3-p194/include/ruby-1.9.1/x86_64-linux -I/home/piousbox/.rbenv/versions/1.9.3-p194/include/ruby-1.9.1/ruby/backward -I/home/piousbox/.rbenv/versions/1.9.3-p194/include/ruby-1.9.1 -I. -I'/home/piousbox/.rbenv/versions/1.9.3-p194/include'   -I'/home/piousbox/.rbenv/versions/1.9.3-p194/include'    conftest.c  -L. -L/home/piousbox/.rbenv/versions/1.9.3-p194/lib -Wl,-R/home/piousbox/.rbenv/versions/1.9.3-p194/lib -L. -L'/home/piousbox/.rbenv/versions/1.9.3-p194/lib'  -rdynamic -Wl,-export-dynamic     -Wl,-R -Wl,/home/piousbox/.rbenv/versions/1.9.3-p194/lib -L/home/piousbox/.rbenv/versions/1.9.3-p194/lib -lruby-static  -lpthread -lrt -ldl -lcrypt -lm   -lc"
/tmp/ccjru5Vl.o: In function `t':
conftest.c:(.text+0x15): undefined reference to `rb_os_allocated_objects'
collect2: ld returned 1 exit status
checked program was:
/* begin */
1: #include "ruby.h"
2: 
3: /*top*/
4: int main() {return 0;}
5: int t() { rb_os_allocated_objects(); return 0; }
/* end */

--------------------

have_func: checking for rb_gc_allocated_size()... -------------------- no

"gcc -o conftest -I/home/piousbox/.rbenv/versions/1.9.3-p194/include/ruby-1.9.1/x86_64-linux -I/home/piousbox/.rbenv/versions/1.9.3-p194/include/ruby-1.9.1/ruby/backward -I/home/piousbox/.rbenv/versions/1.9.3-p194/include/ruby-1.9.1 -I. -I'/home/piousbox/.rbenv/versions/1.9.3-p194/include'   -I'/home/piousbox/.rbenv/versions/1.9.3-p194/include'    conftest.c  -L. -L/home/piousbox/.rbenv/versions/1.9.3-p194/lib -Wl,-R/home/piousbox/.rbenv/versions/1.9.3-p194/lib -L. -L'/home/piousbox/.rbenv/versions/1.9.3-p194/lib'  -rdynamic -Wl,-export-dynamic     -Wl,-R -Wl,/home/piousbox/.rbenv/versions/1.9.3-p194/lib -L/home/piousbox/.rbenv/versions/1.9.3-p194/lib -lruby-static  -lpthread -lrt -ldl -lcrypt -lm   -lc"
conftest.c: In function ‘t’:
conftest.c:5:53: error: ‘rb_gc_allocated_size’ undeclared (first use in this function)
conftest.c:5:53: note: each undeclared identifier is reported only once for each function it appears in
checked program was:
/* begin */
1: #include "ruby.h"
2: 
3: /*top*/
4: int main() {return 0;}
5: int t() { void ((*volatile p)()); p = (void ((*)()))rb_gc_allocated_size; return 0; }
/* end */

"gcc -o conftest -I/home/piousbox/.rbenv/versions/1.9.3-p194/include/ruby-1.9.1/x86_64-linux -I/home/piousbox/.rbenv/versions/1.9.3-p194/include/ruby-1.9.1/ruby/backward -I/home/piousbox/.rbenv/versions/1.9.3-p194/include/ruby-1.9.1 -I. -I'/home/piousbox/.rbenv/versions/1.9.3-p194/include'   -I'/home/piousbox/.rbenv/versions/1.9.3-p194/include'    conftest.c  -L. -L/home/piousbox/.rbenv/versions/1.9.3-p194/lib -Wl,-R/home/piousbox/.rbenv/versions/1.9.3-p194/lib -L. -L'/home/piousbox/.rbenv/versions/1.9.3-p194/lib'  -rdynamic -Wl,-export-dynamic     -Wl,-R -Wl,/home/piousbox/.rbenv/versions/1.9.3-p194/lib -L/home/piousbox/.rbenv/versions/1.9.3-p194/lib -lruby-static  -lpthread -lrt -ldl -lcrypt -lm   -lc"
/tmp/ccT0tYrt.o: In function `t':
conftest.c:(.text+0x15): undefined reference to `rb_gc_allocated_size'
collect2: ld returned 1 exit status
checked program was:
/* begin */
1: #include "ruby.h"
2: 
3: /*top*/
4: int main() {return 0;}
5: int t() { rb_gc_allocated_size(); return 0; }
/* end */

--------------------

have_func: checking for rb_gc_collections()... -------------------- no

"gcc -o conftest -I/home/piousbox/.rbenv/versions/1.9.3-p194/include/ruby-1.9.1/x86_64-linux -I/home/piousbox/.rbenv/versions/1.9.3-p194/include/ruby-1.9.1/ruby/backward -I/home/piousbox/.rbenv/versions/1.9.3-p194/include/ruby-1.9.1 -I. -I'/home/piousbox/.rbenv/versions/1.9.3-p194/include'   -I'/home/piousbox/.rbenv/versions/1.9.3-p194/include'    conftest.c  -L. -L/home/piousbox/.rbenv/versions/1.9.3-p194/lib -Wl,-R/home/piousbox/.rbenv/versions/1.9.3-p194/lib -L. -L'/home/piousbox/.rbenv/versions/1.9.3-p194/lib'  -rdynamic -Wl,-export-dynamic     -Wl,-R -Wl,/home/piousbox/.rbenv/versions/1.9.3-p194/lib -L/home/piousbox/.rbenv/versions/1.9.3-p194/lib -lruby-static  -lpthread -lrt -ldl -lcrypt -lm   -lc"
conftest.c: In function ‘t’:
conftest.c:5:53: error: ‘rb_gc_collections’ undeclared (first use in this function)
conftest.c:5:53: note: each undeclared identifier is reported only once for each function it appears in
checked program was:
/* begin */
1: #include "ruby.h"
2: 
3: /*top*/
4: int main() {return 0;}
5: int t() { void ((*volatile p)()); p = (void ((*)()))rb_gc_collections; return 0; }
/* end */

"gcc -o conftest -I/home/piousbox/.rbenv/versions/1.9.3-p194/include/ruby-1.9.1/x86_64-linux -I/home/piousbox/.rbenv/versions/1.9.3-p194/include/ruby-1.9.1/ruby/backward -I/home/piousbox/.rbenv/versions/1.9.3-p194/include/ruby-1.9.1 -I. -I'/home/piousbox/.rbenv/versions/1.9.3-p194/include'   -I'/home/piousbox/.rbenv/versions/1.9.3-p194/include'    conftest.c  -L. -L/home/piousbox/.rbenv/versions/1.9.3-p194/lib -Wl,-R/home/piousbox/.rbenv/versions/1.9.3-p194/lib -L. -L'/home/piousbox/.rbenv/versions/1.9.3-p194/lib'  -rdynamic -Wl,-export-dynamic     -Wl,-R -Wl,/home/piousbox/.rbenv/versions/1.9.3-p194/lib -L/home/piousbox/.rbenv/versions/1.9.3-p194/lib -lruby-static  -lpthread -lrt -ldl -lcrypt -lm   -lc"
/tmp/cc7WmasA.o: In function `t':
conftest.c:(.text+0x15): undefined reference to `rb_gc_collections'
collect2: ld returned 1 exit status
checked program was:
/* begin */
1: #include "ruby.h"
2: 
3: /*top*/
4: int main() {return 0;}
5: int t() { rb_gc_collections(); return 0; }
/* end */

--------------------

have_func: checking for rb_gc_time()... -------------------- no

"gcc -o conftest -I/home/piousbox/.rbenv/versions/1.9.3-p194/include/ruby-1.9.1/x86_64-linux -I/home/piousbox/.rbenv/versions/1.9.3-p194/include/ruby-1.9.1/ruby/backward -I/home/piousbox/.rbenv/versions/1.9.3-p194/include/ruby-1.9.1 -I. -I'/home/piousbox/.rbenv/versions/1.9.3-p194/include'   -I'/home/piousbox/.rbenv/versions/1.9.3-p194/include'    conftest.c  -L. -L/home/piousbox/.rbenv/versions/1.9.3-p194/lib -Wl,-R/home/piousbox/.rbenv/versions/1.9.3-p194/lib -L. -L'/home/piousbox/.rbenv/versions/1.9.3-p194/lib'  -rdynamic -Wl,-export-dynamic     -Wl,-R -Wl,/home/piousbox/.rbenv/versions/1.9.3-p194/lib -L/home/piousbox/.rbenv/versions/1.9.3-p194/lib -lruby-static  -lpthread -lrt -ldl -lcrypt -lm   -lc"
conftest.c: In function ‘t’:
conftest.c:5:53: error: ‘rb_gc_time’ undeclared (first use in this function)
conftest.c:5:53: note: each undeclared identifier is reported only once for each function it appears in
checked program was:
/* begin */
1: #include "ruby.h"
2: 
3: /*top*/
4: int main() {return 0;}
5: int t() { void ((*volatile p)()); p = (void ((*)()))rb_gc_time; return 0; }
/* end */

"gcc -o conftest -I/home/piousbox/.rbenv/versions/1.9.3-p194/include/ruby-1.9.1/x86_64-linux -I/home/piousbox/.rbenv/versions/1.9.3-p194/include/ruby-1.9.1/ruby/backward -I/home/piousbox/.rbenv/versions/1.9.3-p194/include/ruby-1.9.1 -I. -I'/home/piousbox/.rbenv/versions/1.9.3-p194/include'   -I'/home/piousbox/.rbenv/versions/1.9.3-p194/include'    conftest.c  -L. -L/home/piousbox/.rbenv/versions/1.9.3-p194/lib -Wl,-R/home/piousbox/.rbenv/versions/1.9.3-p194/lib -L. -L'/home/piousbox/.rbenv/versions/1.9.3-p194/lib'  -rdynamic -Wl,-export-dynamic     -Wl,-R -Wl,/home/piousbox/.rbenv/versions/1.9.3-p194/lib -L/home/piousbox/.rbenv/versions/1.9.3-p194/lib -lruby-static  -lpthread -lrt -ldl -lcrypt -lm   -lc"
/tmp/ccEFpT3H.o: In function `t':
conftest.c:(.text+0x15): undefined reference to `rb_gc_time'
collect2: ld returned 1 exit status
checked program was:
/* begin */
1: #include "ruby.h"
2: 
3: /*top*/
4: int main() {return 0;}
5: int t() { rb_gc_time(); return 0; }
/* end */

--------------------

have_func: checking for rb_class_superclass()... -------------------- yes

"gcc -o conftest -I/home/piousbox/.rbenv/versions/1.9.3-p194/include/ruby-1.9.1/x86_64-linux -I/home/piousbox/.rbenv/versions/1.9.3-p194/include/ruby-1.9.1/ruby/backward -I/home/piousbox/.rbenv/versions/1.9.3-p194/include/ruby-1.9.1 -I. -I'/home/piousbox/.rbenv/versions/1.9.3-p194/include'   -I'/home/piousbox/.rbenv/versions/1.9.3-p194/include'    conftest.c  -L. -L/home/piousbox/.rbenv/versions/1.9.3-p194/lib -Wl,-R/home/piousbox/.rbenv/versions/1.9.3-p194/lib -L. -L'/home/piousbox/.rbenv/versions/1.9.3-p194/lib'  -rdynamic -Wl,-export-dynamic     -Wl,-R -Wl,/home/piousbox/.rbenv/versions/1.9.3-p194/lib -L/home/piousbox/.rbenv/versions/1.9.3-p194/lib -lruby-static  -lpthread -lrt -ldl -lcrypt -lm   -lc"
checked program was:
/* begin */
1: #include "ruby.h"
2: 
3: /*top*/
4: int main() {return 0;}
5: int t() { void ((*volatile p)()); p = (void ((*)()))rb_class_superclass; return 0; }
/* end */

--------------------

have_func: checking for rb_heap_total_mem()... -------------------- no

"gcc -o conftest -I/home/piousbox/.rbenv/versions/1.9.3-p194/include/ruby-1.9.1/x86_64-linux -I/home/piousbox/.rbenv/versions/1.9.3-p194/include/ruby-1.9.1/ruby/backward -I/home/piousbox/.rbenv/versions/1.9.3-p194/include/ruby-1.9.1 -I. -I'/home/piousbox/.rbenv/versions/1.9.3-p194/include'   -I'/home/piousbox/.rbenv/versions/1.9.3-p194/include'    conftest.c  -L. -L/home/piousbox/.rbenv/versions/1.9.3-p194/lib -Wl,-R/home/piousbox/.rbenv/versions/1.9.3-p194/lib -L. -L'/home/piousbox/.rbenv/versions/1.9.3-p194/lib'  -rdynamic -Wl,-export-dynamic     -Wl,-R -Wl,/home/piousbox/.rbenv/versions/1.9.3-p194/lib -L/home/piousbox/.rbenv/versions/1.9.3-p194/lib -lruby-static  -lpthread -lrt -ldl -lcrypt -lm   -lc"
conftest.c: In function ‘t’:
conftest.c:5:53: error: ‘rb_heap_total_mem’ undeclared (first use in this function)
conftest.c:5:53: note: each undeclared identifier is reported only once for each function it appears in
checked program was:
/* begin */
1: #include "ruby.h"
2: 
3: /*top*/
4: int main() {return 0;}
5: int t() { void ((*volatile p)()); p = (void ((*)()))rb_heap_total_mem; return 0; }
/* end */

"gcc -o conftest -I/home/piousbox/.rbenv/versions/1.9.3-p194/include/ruby-1.9.1/x86_64-linux -I/home/piousbox/.rbenv/versions/1.9.3-p194/include/ruby-1.9.1/ruby/backward -I/home/piousbox/.rbenv/versions/1.9.3-p194/include/ruby-1.9.1 -I. -I'/home/piousbox/.rbenv/versions/1.9.3-p194/include'   -I'/home/piousbox/.rbenv/versions/1.9.3-p194/include'    conftest.c  -L. -L/home/piousbox/.rbenv/versions/1.9.3-p194/lib -Wl,-R/home/piousbox/.rbenv/versions/1.9.3-p194/lib -L. -L'/home/piousbox/.rbenv/versions/1.9.3-p194/lib'  -rdynamic -Wl,-export-dynamic     -Wl,-R -Wl,/home/piousbox/.rbenv/versions/1.9.3-p194/lib -L/home/piousbox/.rbenv/versions/1.9.3-p194/lib -lruby-static  -lpthread -lrt -ldl -lcrypt -lm   -lc"
/tmp/ccXnPoN7.o: In function `t':
conftest.c:(.text+0x15): undefined reference to `rb_heap_total_mem'
collect2: ld returned 1 exit status
checked program was:
/* begin */
1: #include "ruby.h"
2: 
3: /*top*/
4: int main() {return 0;}
5: int t() { rb_heap_total_mem(); return 0; }
/* end */

--------------------

have_func: checking for rb_gc_heap_info()... -------------------- no

"gcc -o conftest -I/home/piousbox/.rbenv/versions/1.9.3-p194/include/ruby-1.9.1/x86_64-linux -I/home/piousbox/.rbenv/versions/1.9.3-p194/include/ruby-1.9.1/ruby/backward -I/home/piousbox/.rbenv/versions/1.9.3-p194/include/ruby-1.9.1 -I. -I'/home/piousbox/.rbenv/versions/1.9.3-p194/include'   -I'/home/piousbox/.rbenv/versions/1.9.3-p194/include'    conftest.c  -L. -L/home/piousbox/.rbenv/versions/1.9.3-p194/lib -Wl,-R/home/piousbox/.rbenv/versions/1.9.3-p194/lib -L. -L'/home/piousbox/.rbenv/versions/1.9.3-p194/lib'  -rdynamic -Wl,-export-dynamic     -Wl,-R -Wl,/home/piousbox/.rbenv/versions/1.9.3-p194/lib -L/home/piousbox/.rbenv/versions/1.9.3-p194/lib -lruby-static  -lpthread -lrt -ldl -lcrypt -lm   -lc"
conftest.c: In function ‘t’:
conftest.c:5:53: error: ‘rb_gc_heap_info’ undeclared (first use in this function)
conftest.c:5:53: note: each undeclared identifier is reported only once for each function it appears in
checked program was:
/* begin */
1: #include "ruby.h"
2: 
3: /*top*/
4: int main() {return 0;}
5: int t() { void ((*volatile p)()); p = (void ((*)()))rb_gc_heap_info; return 0; }
/* end */

"gcc -o conftest -I/home/piousbox/.rbenv/versions/1.9.3-p194/include/ruby-1.9.1/x86_64-linux -I/home/piousbox/.rbenv/versions/1.9.3-p194/include/ruby-1.9.1/ruby/backward -I/home/piousbox/.rbenv/versions/1.9.3-p194/include/ruby-1.9.1 -I. -I'/home/piousbox/.rbenv/versions/1.9.3-p194/include'   -I'/home/piousbox/.rbenv/versions/1.9.3-p194/include'    conftest.c  -L. -L/home/piousbox/.rbenv/versions/1.9.3-p194/lib -Wl,-R/home/piousbox/.rbenv/versions/1.9.3-p194/lib -L. -L'/home/piousbox/.rbenv/versions/1.9.3-p194/lib'  -rdynamic -Wl,-export-dynamic     -Wl,-R -Wl,/home/piousbox/.rbenv/versions/1.9.3-p194/lib -L/home/piousbox/.rbenv/versions/1.9.3-p194/lib -lruby-static  -lpthread -lrt -ldl -lcrypt -lm   -lc"
/tmp/ccL155Ue.o: In function `t':
conftest.c:(.text+0x15): undefined reference to `rb_gc_heap_info'
collect2: ld returned 1 exit status
checked program was:
/* begin */
1: #include "ruby.h"
2: 
3: /*top*/
4: int main() {return 0;}
5: int t() { rb_gc_heap_info(); return 0; }
/* end */

--------------------

have_func: checking for rb_fiber_current()... -------------------- yes

"gcc -o conftest -I/home/piousbox/.rbenv/versions/1.9.3-p194/include/ruby-1.9.1/x86_64-linux -I/home/piousbox/.rbenv/versions/1.9.3-p194/include/ruby-1.9.1/ruby/backward -I/home/piousbox/.rbenv/versions/1.9.3-p194/include/ruby-1.9.1 -I. -I'/home/piousbox/.rbenv/versions/1.9.3-p194/include'   -I'/home/piousbox/.rbenv/versions/1.9.3-p194/include'    conftest.c  -L. -L/home/piousbox/.rbenv/versions/1.9.3-p194/lib -Wl,-R/home/piousbox/.rbenv/versions/1.9.3-p194/lib -L. -L'/home/piousbox/.rbenv/versions/1.9.3-p194/lib'  -rdynamic -Wl,-export-dynamic     -Wl,-R -Wl,/home/piousbox/.rbenv/versions/1.9.3-p194/lib -L/home/piousbox/.rbenv/versions/1.9.3-p194/lib -lruby-static  -lpthread -lrt -ldl -lcrypt -lm   -lc"
checked program was:
/* begin */
1: #include "ruby.h"
2: 
3: /*top*/
4: int main() {return 0;}
5: int t() { void ((*volatile p)()); p = (void ((*)()))rb_fiber_current; return 0; }
/* end */

--------------------

