{
  "RSpec": {
    "coverage": {
      "/home/piousbox/projects/microsites2-resume/lib/core_extensions.rb": [
        null,
        null,
        null,
        1,
        null,
        null,
        null,
        null,
        null,
        null,
        1,
        0,
        0,
        null,
        null,
        null,
        1,
        0,
        null,
        null,
        null
      ],
      "/home/piousbox/projects/microsites2-resume/app/models/user.rb": [
        1,
        1,
        1,
        null,
        null,
        null,
        null,
        1,
        1,
        null,
        null,
        null,
        null,
        null,
        null,
        null,
        null,
        1,
        1,
        null,
        1,
        1,
        null,
        1,
        1,
        null,
        1,
        null,
        1,
        null,
        1,
        1,
        1,
        1,
        null,
        1,
        null,
        1,
        null,
        1,
        1,
        null,
        1,
        1,
        1,
        1,
        null,
        1,
        null,
        1,
        null,
        1,
        1,
        null,
        1,
        8,
        56,
        null,
        null,
        1,
        null,
        1,
        101,
        null,
        null,
        1,
        6,
        6,
        6,
        6,
        6,
        6,
        6,
        null,
        null,
        null,
        1,
        1,
        null,
        null,
        null
      ],
      "/home/piousbox/projects/microsites2-resume/app/controllers/application_controller.rb": [
        1,
        1,
        null,
        1,
        1,
        null,
        1,
        null,
        1,
        null,
        1,
        null,
        1,
        1,
        null,
        null,
        1,
        null,
        1,
        null,
        1,
        0,
        null,
        null,
        1,
        1,
        null,
        null,
        null,
        null,
        null,
        null,
        null,
        null,
        null,
        null,
        null,
        null,
        null,
        null,
        null,
        null,
        null,
        null,
        null,
        null,
        null,
        null,
        null,
        null,
        null,
        null,
        null,
        1,
        132,
        null,
        132,
        null,
        null,
        1,
        null,
        null,
        null,
        86,
        86,
        86,
        86,
        86,
        86,
        null,
        null,
        1,
        4,
        null,
        4,
        4,
        null,
        0,
        null,
        4,
        4,
        16,
        null,
        null,
        null,
        1,
        0,
        0,
        0,
        null,
        null,
        null,
        null,
        null,
        null,
        null,
        null,
        null,
        null,
        null,
        null
      ],
      "/home/piousbox/projects/microsites2-resume/lib/string.rb": [
        null,
        1,
        null,
        1,
        121,
        121,
        121,
        121,
        0,
        null,
        121,
        121,
        null,
        null,
        null
      ],
      "/home/piousbox/projects/microsites2-resume/lib/float.rb": [
        null,
        1,
        1,
        0,
        null,
        null,
        1,
        0,
        null,
        null,
        1,
        0,
        null,
        null
      ],
      "/home/piousbox/projects/microsites2-resume/app/helpers/application_helper.rb": [
        null,
        1,
        null,
        1,
        6,
        null,
        null,
        1,
        6,
        null,
        null,
        1,
        0,
        null,
        null,
        1,
        0,
        null,
        0,
        null,
        null,
        1,
        0,
        null,
        null,
        1,
        0,
        null,
        null,
        1,
        0,
        null,
        null,
        1,
        0,
        null,
        null,
        1,
        0,
        null,
        null,
        1,
        0,
        null,
        null,
        1,
        0,
        null,
        null,
        1,
        0,
        null,
        null,
        1,
        0,
        null,
        null,
        1,
        0,
        null,
        null,
        1,
        0,
        null,
        null,
        1,
        0,
        null,
        null,
        1,
        0,
        null,
        null,
        1,
        0,
        null,
        null,
        1,
        0,
        null,
        null,
        1,
        0,
        0,
        0,
        0,
        0,
        null,
        null,
        null,
        null
      ],
      "/home/piousbox/projects/microsites2-resume/app/helpers/devise_helper.rb": [
        1,
        1,
        0,
        null,
        null,
        1,
        0,
        null,
        null
      ],
      "/home/piousbox/projects/microsites2-resume/app/helpers/images_helper.rb": [
        null,
        1,
        null,
        1,
        1,
        null,
        null,
        1,
        1,
        null,
        null,
        1,
        0,
        null,
        null,
        1,
        0,
        null,
        null,
        1,
        0,
        null,
        null,
        1,
        0,
        null,
        null,
        1,
        null,
        0,
        null,
        null,
        1,
        0,
        null,
        null,
        1,
        0,
        null,
        null,
        1,
        0,
        null,
        null,
        1,
        0,
        null,
        null,
        1,
        0,
        null,
        null,
        1,
        null,
        0,
        null,
        null,
        1,
        0,
        null,
        null,
        1,
        0,
        null,
        null,
        1,
        0,
        null,
        null,
        1,
        0,
        null,
        null,
        1,
        0,
        null,
        null,
        1,
        0,
        null,
        null,
        1,
        0,
        null,
        null,
        1,
        0,
        null,
        null,
        1,
        0,
        null,
        null,
        1,
        0,
        null,
        null,
        1,
        0,
        null,
        null,
        1,
        null,
        0,
        null,
        null,
        1,
        0,
        null,
        null,
        1,
        2,
        null,
        null,
        null,
        1,
        0,
        null,
        null,
        1,
        0,
        null,
        null,
        1,
        0,
        null,
        null,
        null,
        1,
        0,
        0,
        null,
        null,
        null,
        null,
        null,
        null,
        1,
        null,
        0,
        0,
        0,
        null,
        null,
        0,
        null,
        null,
        null,
        null,
        0,
        null,
        null,
        1,
        7,
        null,
        4,
        null,
        3,
        null,
        0,
        null,
        null,
        null,
        1,
        0,
        null,
        null,
        1,
        0,
        0,
        0,
        null,
        0,
        null,
        null,
        null,
        0,
        null,
        null,
        1,
        0,
        null,
        null,
        1,
        0,
        null,
        null,
        1,
        0,
        null,
        null,
        1,
        0,
        null,
        null,
        1,
        0,
        null,
        null,
        null
      ],
      "/home/piousbox/projects/microsites2-resume/app/controllers/galleries_controller.rb": [
        1,
        null,
        1,
        1,
        null,
        1,
        0,
        0,
        null,
        null,
        1,
        3,
        null,
        3,
        1,
        null,
        2,
        2,
        2,
        2,
        2,
        1,
        1,
        0,
        0,
        null,
        0,
        null,
        0,
        0,
        0,
        null,
        1,
        null,
        null,
        null,
        null,
        null,
        1,
        11,
        1,
        1,
        1,
        0,
        0,
        null,
        1,
        null,
        10,
        9,
        9,
        9,
        9,
        null,
        0,
        null,
        0,
        0,
        0,
        0,
        null,
        null,
        null,
        null,
        9,
        9,
        5,
        4,
        1,
        null,
        3,
        3,
        3,
        3,
        null,
        3,
        0,
        0,
        0,
        0,
        null,
        0,
        null,
        0,
        0,
        null,
        0,
        null,
        0,
        null,
        null,
        null,
        null,
        null,
        1,
        1,
        1,
        null,
        null,
        null,
        null,
        1,
        1,
        1,
        null,
        1,
        null,
        1,
        1,
        1,
        1,
        null,
        1,
        null,
        null,
        null,
        1,
        2,
        2,
        2,
        null,
        2,
        2,
        2,
        2,
        2,
        null,
        0,
        0,
        null,
        0,
        null,
        null,
        null,
        1,
        1,
        1,
        null,
        0,
        null,
        1,
        1,
        null,
        null,
        1,
        1,
        1,
        null,
        1,
        1,
        null,
        0,
        0,
        null,
        1,
        null,
        null,
        1,
        1,
        1,
        1,
        null,
        null,
        1,
        1,
        1,
        1,
        null,
        1,
        null,
        null,
        null,
        null,
        null
      ],
      "/home/piousbox/projects/microsites2-resume/app/models/gallery.rb": [
        1,
        1,
        null,
        1,
        null,
        1,
        1,
        1,
        null,
        1,
        null,
        1,
        1,
        null,
        1,
        1,
        1,
        null,
        1,
        1,
        1,
        null,
        1,
        null,
        1,
        1,
        null,
        1,
        45,
        null,
        null,
        1,
        107,
        107,
        null,
        107,
        0,
        0,
        null,
        null,
        null,
        107,
        106,
        106,
        106,
        106,
        106,
        106,
        106,
        0,
        null,
        null,
        null,
        null,
        null,
        1,
        4,
        null,
        1,
        null,
        null,
        null
      ],
      "/home/piousbox/projects/microsites2-resume/app/models/app_model2.rb": [
        1,
        1,
        1,
        null,
        1,
        1,
        1,
        1,
        null,
        1,
        1,
        1,
        1,
        null,
        1,
        1,
        null,
        1,
        5,
        10,
        null,
        null,
        1,
        null,
        1,
        0,
        0,
        null,
        null,
        null
      ],
      "/home/piousbox/projects/microsites2-resume/app/controllers/photos_controller.rb": [
        null,
        1,
        null,
        1,
        null,
        1,
        7,
        7,
        null,
        7,
        7,
        2,
        2,
        null,
        5,
        null,
        7,
        null,
        7,
        6,
        6,
        5,
        null,
        1,
        null,
        null,
        null,
        6,
        1,
        2,
        2,
        2,
        null,
        null,
        null,
        null,
        null,
        6,
        1,
        1,
        1,
        1,
        1,
        1,
        1,
        0,
        null,
        null,
        null,
        6,
        0,
        0,
        0,
        null,
        null,
        6,
        1,
        1,
        1,
        null,
        null,
        null,
        6,
        6,
        null,
        null,
        0,
        0,
        null,
        null,
        null,
        1,
        1,
        null,
        null,
        null,
        null,
        null,
        null,
        null,
        null,
        null,
        null,
        null,
        null,
        null,
        null,
        null,
        null,
        null,
        null,
        null,
        null,
        null,
        null,
        null,
        null,
        null,
        null,
        null,
        null,
        null,
        null,
        null,
        1,
        3,
        3,
        null,
        3,
        null,
        3,
        2,
        null,
        1,
        1,
        null,
        0,
        null,
        null,
        null,
        null,
        null,
        null,
        null,
        null,
        null,
        null,
        null,
        null,
        null,
        null,
        null,
        null,
        null,
        null,
        null,
        null,
        null,
        null,
        null,
        null,
        null,
        null,
        null,
        null,
        null,
        1,
        0,
        0,
        null,
        0,
        0,
        0,
        0,
        null,
        0,
        0,
        0,
        null,
        null,
        null,
        null,
        1,
        null,
        1,
        4,
        4,
        4,
        4,
        null,
        null,
        null
      ],
      "/home/piousbox/projects/microsites2-resume/app/models/photo.rb": [
        1,
        1,
        1,
        1,
        null,
        1,
        1,
        1,
        null,
        1,
        null,
        1,
        1,
        1,
        null,
        1,
        1,
        1,
        1,
        1,
        null,
        1,
        null,
        null,
        1,
        null,
        1,
        1,
        1,
        null,
        1,
        1,
        1,
        null,
        1,
        null,
        1,
        null,
        null,
        null,
        null,
        null,
        null,
        null,
        null,
        null,
        null,
        null,
        null,
        null,
        1,
        0,
        null,
        null,
        1,
        null,
        null,
        null,
        null,
        null,
        null,
        null,
        null,
        null,
        null,
        null,
        null,
        null
      ],
      "/home/piousbox/projects/microsites2-resume/app/controllers/reports_controller.rb": [
        null,
        1,
        null,
        1,
        null,
        1,
        1,
        1,
        null,
        1,
        1,
        1,
        1,
        1,
        1,
        null,
        1,
        1,
        1,
        null,
        1,
        null,
        null,
        null,
        1,
        4,
        4,
        null,
        4,
        4,
        4,
        4,
        4,
        null,
        4,
        4,
        null,
        4,
        null,
        3,
        2,
        2,
        2,
        2,
        2,
        2,
        null,
        null,
        0,
        null,
        null,
        null,
        3,
        null,
        null,
        4,
        4,
        3,
        3,
        6,
        3,
        null,
        1,
        null,
        1,
        1,
        1,
        1,
        null,
        1,
        null,
        1,
        null,
        null,
        null,
        null,
        1,
        1,
        1,
        null,
        1,
        1,
        1,
        null,
        1,
        1,
        1,
        null,
        null,
        null,
        1,
        1,
        1,
        null,
        1,
        1,
        1,
        null,
        1,
        1,
        1,
        1,
        null,
        1,
        null,
        0,
        0,
        null,
        null,
        null,
        null,
        1,
        1,
        1,
        null,
        1,
        1,
        null,
        null,
        1,
        null,
        1,
        null,
        null,
        1,
        3,
        3,
        1,
        null,
        2,
        2,
        2,
        2,
        1,
        0,
        0,
        null,
        1,
        null,
        null,
        2,
        1,
        1,
        2,
        0,
        null,
        2,
        2,
        2,
        2,
        null,
        1,
        null,
        null,
        null,
        null,
        null,
        1,
        0,
        null,
        null,
        1,
        2,
        2,
        null,
        0,
        null,
        null,
        2,
        0,
        0,
        null,
        null,
        2,
        2,
        2,
        1,
        null,
        0,
        null,
        1,
        1,
        null,
        0,
        0,
        null,
        1,
        1,
        null,
        null,
        2,
        1,
        0,
        null,
        1,
        null,
        1,
        1,
        1,
        null,
        null,
        null,
        null,
        null,
        null
      ],
      "/home/piousbox/projects/microsites2-resume/app/models/report.rb": [
        null,
        1,
        null,
        1,
        1,
        null,
        1,
        1,
        null,
        1,
        1,
        null,
        1,
        null,
        1,
        1,
        1,
        1,
        1,
        null,
        1,
        1,
        null,
        1,
        null,
        1,
        1,
        1,
        1,
        null,
        1,
        null,
        1,
        1,
        1,
        1,
        null,
        1,
        null,
        1,
        1,
        null,
        1,
        4,
        12,
        null,
        null,
        1,
        0,
        null,
        null,
        1,
        81,
        null,
        null,
        1,
        0,
        0,
        0,
        null,
        0,
        null,
        null,
        null,
        null,
        null
      ],
      "/home/piousbox/projects/microsites2-resume/app/controllers/sites_controller.rb": [
        null,
        1,
        null,
        1,
        1,
        null,
        1,
        4,
        null,
        4,
        1,
        null,
        5,
        4,
        null,
        4,
        null,
        4,
        4,
        3,
        null,
        4,
        1,
        1,
        0,
        0,
        null,
        null,
        1,
        null,
        null,
        null,
        null,
        1,
        2,
        null,
        2,
        null,
        null,
        null
      ],
      "/home/piousbox/projects/microsites2-resume/app/models/site.rb": [
        1,
        1,
        1,
        1,
        null,
        1,
        1,
        null,
        1,
        1,
        null,
        1,
        1,
        1,
        1,
        null,
        1,
        1,
        1,
        1,
        null,
        1,
        1,
        null,
        1,
        91,
        0,
        null,
        null,
        null,
        1,
        119,
        119,
        0,
        null,
        0,
        null,
        null,
        null,
        1,
        null,
        1,
        5,
        5,
        null,
        null,
        null
      ],
      "/home/piousbox/projects/microsites2-resume/app/models/aux_model.rb": [
        null,
        1,
        null,
        1,
        9,
        9,
        null,
        9,
        null,
        0,
        null,
        0,
        null,
        0,
        null,
        0,
        null,
        9,
        9,
        null,
        null,
        null
      ],
      "/home/piousbox/projects/microsites2-resume/app/controllers/tags_controller.rb": [
        null,
        1,
        null,
        1,
        1,
        null,
        1,
        null,
        null,
        1,
        1,
        1,
        null,
        1,
        1,
        1,
        1,
        null,
        null,
        null,
        null
      ],
      "/home/piousbox/projects/microsites2-resume/app/models/tag.rb": [
        1,
        1,
        1,
        null,
        1,
        1,
        null,
        1,
        1,
        null,
        1,
        null,
        1,
        null,
        1,
        1,
        1,
        null,
        1,
        1,
        null,
        1,
        1,
        null,
        1,
        null,
        1,
        14,
        12,
        null,
        null,
        null,
        1,
        2,
        6,
        null,
        null,
        null,
        1,
        1,
        null,
        null,
        null,
        null,
        null,
        1,
        0,
        null,
        null,
        1,
        6,
        8,
        null,
        null,
        null,
        1,
        0,
        null,
        null,
        null
      ],
      "/home/piousbox/projects/microsites2-resume/app/controllers/users/registrations_controller.rb": [
        null,
        1,
        null,
        1,
        null,
        null,
        null,
        null
      ],
      "/home/piousbox/projects/microsites2-resume/app/controllers/users/sessions_controller.rb": [
        null,
        1,
        null,
        1,
        1,
        null,
        1,
        null,
        null,
        null,
        null,
        null
      ],
      "/home/piousbox/projects/microsites2-resume/app/controllers/users_controller.rb": [
        null,
        1,
        null,
        1,
        1,
        1,
        1,
        1,
        1,
        1,
        1,
        1,
        null,
        1,
        null,
        1,
        null,
        1,
        1,
        1,
        null,
        1,
        1,
        1,
        null,
        null,
        1,
        1,
        1,
        null,
        null,
        1,
        1,
        0,
        0,
        null,
        null,
        1,
        1,
        1,
        0,
        null,
        null,
        1,
        1,
        null,
        1,
        0,
        null,
        1,
        null,
        null,
        null,
        null,
        null,
        1,
        3,
        3,
        3,
        3,
        null,
        null,
        1,
        1,
        1,
        1,
        null,
        null,
        1,
        1,
        1,
        1,
        null,
        null,
        1,
        2,
        2,
        null,
        2,
        null,
        2,
        2,
        2,
        0,
        null,
        null,
        null,
        null,
        1,
        1,
        1,
        1,
        null,
        1,
        0,
        0,
        null,
        null,
        1,
        0,
        null,
        1,
        1,
        null,
        null,
        null,
        1,
        1,
        1,
        1,
        1,
        null,
        1,
        1,
        1,
        null,
        1,
        0,
        null,
        null,
        null,
        null,
        1,
        1,
        null,
        1,
        1,
        null,
        null,
        1,
        null,
        1,
        1,
        1,
        1,
        null,
        1,
        1,
        null,
        null,
        1,
        1,
        1,
        1,
        1,
        null,
        1,
        1,
        1,
        null,
        0,
        0,
        null,
        null,
        null,
        1,
        1,
        1,
        1,
        1,
        null,
        null,
        1,
        1,
        null,
        1,
        1,
        null,
        1,
        1,
        1,
        null,
        0,
        0,
        null,
        null,
        null,
        1,
        1,
        1,
        1,
        null,
        null,
        1,
        1,
        1,
        1,
        1,
        null,
        null,
        1,
        1,
        1,
        1,
        1,
        1,
        1,
        null,
        0,
        0,
        0,
        null,
        null,
        null,
        1,
        null,
        1,
        4,
        4,
        0,
        null,
        null,
        null,
        1,
        11,
        null,
        null,
        null
      ],
      "/home/piousbox/projects/microsites2-resume/app/controllers/utils/sitemaps_controller.rb": [
        1,
        1,
        null,
        1,
        3,
        3,
        3,
        3,
        null,
        null,
        null,
        null,
        3,
        3,
        2,
        2,
        null,
        3,
        1,
        0,
        0,
        null,
        null,
        1,
        null,
        null,
        null,
        null,
        null,
        null
      ],
      "/home/piousbox/projects/microsites2-resume/app/controllers/utils/utils_controller.rb": [
        null,
        1,
        null,
        1,
        null,
        1,
        0,
        null,
        null,
        1,
        1,
        null,
        null,
        null
      ],
      "/home/piousbox/projects/microsites2-resume/app/controllers/utils/verification_controller.rb": [
        null,
        1,
        null,
        1,
        null,
        1,
        null,
        1,
        1,
        null,
        1,
        1,
        1,
        null,
        null,
        null,
        null,
        null
      ],
      "/home/piousbox/projects/microsites2-resume/app/controllers/videos_controller.rb": [
        null,
        1,
        null,
        1,
        1,
        null,
        1,
        1,
        1,
        null,
        1,
        0,
        0,
        null,
        null,
        1,
        0,
        0,
        null,
        null,
        1,
        null,
        1,
        1,
        1,
        null,
        1,
        0,
        null,
        null,
        null,
        null,
        1,
        1,
        1,
        null,
        1,
        1,
        1,
        0,
        null,
        null,
        null,
        null,
        1,
        2,
        2,
        null,
        1,
        1,
        null,
        null,
        1,
        3,
        3,
        3,
        3,
        null,
        3,
        2,
        null,
        2,
        2,
        null,
        2,
        null,
        1,
        1,
        1,
        1,
        null,
        null,
        null,
        null
      ],
      "/home/piousbox/projects/microsites2-resume/app/models/video.rb": [
        null,
        1,
        null,
        1,
        1,
        null,
        1,
        null,
        1,
        1,
        null,
        1,
        null,
        1,
        1,
        1,
        null,
        1,
        1,
        null,
        1,
        null,
        1,
        1,
        null,
        1,
        1,
        1,
        null,
        1,
        1,
        null,
        1,
        0,
        null,
        null,
        1,
        27,
        27,
        27,
        null,
        null,
        null,
        null
      ],
      "/home/piousbox/projects/microsites2-resume/app/controllers/welcome_controller.rb": [
        null,
        1,
        1,
        1,
        null,
        null,
        null,
        1,
        1,
        null,
        null,
        1,
        1,
        1,
        1,
        0,
        null,
        1,
        null,
        null,
        null,
        null,
        null,
        1,
        1,
        1,
        1,
        null,
        0,
        null,
        1,
        null,
        null,
        null,
        null
      ],
      "/home/piousbox/projects/microsites2-resume/app/jobs/reports_remove_trash.rb": [
        null,
        1,
        null,
        1,
        null,
        1,
        0,
        null,
        null,
        null
      ],
      "/home/piousbox/projects/microsites2-resume/app/jobs/titleize_reports.rb": [
        null,
        1,
        null,
        1,
        null,
        1,
        1,
        1,
        1,
        1,
        1,
        1,
        null,
        null,
        null,
        null,
        1,
        0,
        0,
        null,
        null,
        null
      ],
      "/home/piousbox/projects/microsites2-resume/app/mailers/user_mailer.rb": [
        1,
        1,
        null,
        1,
        0,
        0,
        0,
        null,
        null,
        null
      ],
      "/home/piousbox/projects/microsites2-resume/app/models/ability.rb": [
        1,
        1,
        1,
        null,
        null,
        null,
        null,
        73,
        null,
        44,
        44,
        2,
        null,
        null,
        44,
        44,
        0,
        null,
        44,
        0,
        null,
        null,
        44,
        44,
        2,
        null,
        null,
        44,
        44,
        3,
        null,
        null,
        44,
        null,
        null,
        73,
        null,
        null,
        null,
        null,
        null,
        73,
        73,
        10,
        null,
        null,
        null,
        73,
        73,
        0,
        null,
        null,
        73,
        73,
        3,
        null,
        null,
        73,
        null,
        73,
        73,
        1,
        null,
        null,
        null,
        null,
        73,
        73,
        0,
        null,
        null,
        73,
        null,
        null,
        null,
        null
      ],
      "/home/piousbox/projects/microsites2-resume/app/models/city.rb": [
        1,
        1,
        1,
        1,
        null,
        null,
        1,
        null,
        1,
        1,
        null,
        1,
        1,
        null,
        1,
        1,
        null,
        1,
        1,
        null,
        1,
        null,
        1,
        1,
        null,
        1,
        null,
        null,
        1,
        null,
        1,
        null,
        1,
        null,
        1,
        1,
        1,
        null,
        1,
        1,
        null,
        1,
        1,
        null,
        1,
        null,
        1,
        0,
        null,
        null,
        1,
        0,
        null,
        null,
        1,
        9,
        18,
        null,
        null,
        1,
        0,
        0,
        null,
        null,
        1,
        0,
        0,
        null,
        null,
        null,
        1,
        0,
        null,
        null,
        null,
        null
      ],
      "/home/piousbox/projects/microsites2-resume/app/models/feature.rb": [
        1,
        1,
        1,
        null,
        1,
        1,
        null,
        1,
        1,
        1,
        null,
        1,
        null,
        1,
        null,
        1,
        null,
        1,
        1,
        null,
        1,
        1,
        null,
        1,
        0,
        null,
        null,
        1,
        1,
        null,
        null,
        null
      ],
      "/home/piousbox/projects/microsites2-resume/app/models/newsitem.rb": [
        1,
        1,
        1,
        null,
        1,
        1,
        null,
        1,
        1,
        1,
        1,
        null,
        1,
        1,
        null,
        1,
        null,
        1,
        1,
        1,
        1,
        null,
        1,
        0,
        null,
        null,
        1,
        0,
        null,
        null,
        1,
        null,
        1,
        null,
        null,
        null
      ],
      "/home/piousbox/projects/microsites2-resume/app/models/user_profile.rb": [
        null,
        1,
        null,
        1,
        1,
        null,
        1,
        1,
        1,
        1,
        1,
        null,
        1,
        1,
        null,
        1,
        null,
        1,
        null,
        null
      ],
      "/home/piousbox/projects/microsites2-resume/app/sweepers/reports_observer.rb": [
        null,
        1,
        null,
        1,
        null,
        1,
        0,
        null,
        null,
        1,
        0,
        null,
        null,
        1,
        null,
        1,
        0,
        0,
        0,
        null,
        null,
        null
      ]
    },
    "timestamp": 1381129781
  }
}
